{"time":"2025-12-25T17:07:29.28049217Z","level":"INFO","msg":"incoming request","service":"auth_service","env":"development","method":"POST","path":"/login"}
{"time":"2025-12-25T17:07:29.280547956Z","level":"INFO","msg":"login request","service":"auth_service","env":"development","request_id":"8a2a1f6b7528e92344f9627050104283","user":""}
{"time":"2025-12-25T17:07:31.342615751Z","level":"INFO","msg":"request completed","service":"auth_service","env":"development","status_code":200,"method":"POST","path":"/login"}
{"time":"2025-12-25T17:17:11.539646504Z","level":"INFO","msg":"incoming request","service":"auth_service","env":"development","method":"POST","path":"/login"}
{"time":"2025-12-25T17:17:11.539685826Z","level":"INFO","msg":"login request","service":"auth_service","env":"development","request_id":"8bb3cf850fa76c6eeac96f31392865fe","user":""}
{"time":"2025-12-25T17:17:13.598694668Z","level":"INFO","msg":"request completed","service":"auth_service","env":"development","status_code":200,"method":"POST","path":"/login"}
{"time":"2025-12-25T17:47:20.858961723Z","level":"INFO","msg":"incoming request","service":"auth_service","env":"development","method":"POST","path":"/login"}
{"time":"2025-12-25T17:47:20.85903023Z","level":"INFO","msg":"login request","service":"auth_service","env":"development","request_id":"c9e5d10a3da2fb99eaee3cdc3f353c0c","user":""}
{"time":"2025-12-25T17:47:22.924426456Z","level":"INFO","msg":"request completed","service":"auth_service","env":"development","status_code":200,"method":"POST","path":"/login"}
{"time":"2025-12-25T17:53:48.252251907Z","level":"INFO","msg":"incoming request","service":"auth_service","env":"development","method":"POST","path":"/login"}
{"time":"2025-12-25T17:53:48.252299155Z","level":"INFO","msg":"login request","service":"auth_service","env":"development","request_id":"3bc89727c53c85b00d9066b9aaff35f4","user":""}
{"time":"2025-12-25T17:53:50.310986938Z","level":"INFO","msg":"request completed","service":"auth_service","env":"development","status_code":200,"method":"POST","path":"/login"}
{"time":"2025-12-25T17:56:37.621746279Z","level":"INFO","msg":"jwt validated successfully","service":"auth_service","env":"development","status_code":200,"user_id":"9","role":"user","method":"GET","path":"/validate"}
{"time":"2025-12-27T15:45:05.054503112Z","level":"WARN","msg":"invalid request body","service":"auth_service","env":"development","status_code":400,"error":"EOF","method":"POST","path":"/signup"}
{"time":"2025-12-27T15:52:12.603262103Z","level":"WARN","msg":"invalid request body","service":"auth_service","env":"development","status_code":400,"error":"EOF","method":"POST","path":"/signup"}
{"time":"2025-12-27T16:01:02.638591838Z","level":"WARN","msg":"invalid request body","service":"auth_service","env":"development","status_code":400,"error":"EOF","method":"POST","path":"/signup"}
{"time":"2025-12-27T16:03:03.966406032Z","level":"WARN","msg":"invalid request body","service":"auth_service","env":"development","status_code":400,"error":"EOF","method":"POST","path":"/signup"}
{"time":"2025-12-27T16:31:31.369370953Z","level":"WARN","msg":"invalid request body","service":"auth_service","env":"development","status_code":400,"error":"EOF","method":"POST","path":"/signup"}
{"time":"2025-12-27T16:32:30.648718133Z","level":"INFO","msg":"incoming request","service":"auth_service","env":"development","method":"POST","path":"/signup"}
{"time":"2025-12-27T16:32:30.648772194Z","level":"INFO","msg":"Signup started","service":"auth_service","env":"development","user":"piyush"}
{"time":"2025-12-27T16:32:34.725006714Z","level":"ERROR","msg":"endpoint failed","service":"auth_service","env":"development","status_code":500,"error":"ERROR: relation \"users\" does not exist (SQLSTATE 42P01)"}
{"time":"2025-12-27T16:40:08.107629136Z","level":"INFO","msg":"incoming request","service":"auth_service","env":"development","method":"POST","path":"/signup"}
{"time":"2025-12-27T16:40:08.107681563Z","level":"INFO","msg":"Signup started","service":"auth_service","env":"development","user":"piyush"}
{"time":"2025-12-27T16:40:12.18609002Z","level":"INFO","msg":"request completed","service":"auth_service","env":"development","status_code":200,"method":"POST","path":"/signup"}
{"time":"2025-12-27T16:41:01.98611285Z","level":"INFO","msg":"incoming request","service":"auth_service","env":"development","method":"POST","path":"/login"}
{"time":"2025-12-27T16:41:01.986157583Z","level":"INFO","msg":"login request","service":"auth_service","env":"development","request_id":"addf4b08d44cfa2efa460a5d7bc8603c","user":""}
{"time":"2025-12-27T16:41:04.062859496Z","level":"INFO","msg":"request completed","service":"auth_service","env":"development","status_code":200,"method":"POST","path":"/login"}
{"time":"2025-12-28T23:21:19.939870454Z","level":"WARN","msg":"missing authorization header","service":"auth_service","env":"development","status_code":401,"method":"GET","path":"/validate"}
{"time":"2025-12-28T23:21:31.033043784Z","level":"INFO","msg":"incoming request","service":"auth_service","env":"development","method":"POST","path":"/login"}
{"time":"2025-12-28T23:21:31.033116339Z","level":"INFO","msg":"login request","service":"auth_service","env":"development","request_id":"fed107a0a36d5e3fc28dc69b1730d168","user":""}
{"time":"2025-12-28T23:21:33.113794742Z","level":"INFO","msg":"request completed","service":"auth_service","env":"development","status_code":200,"method":"POST","path":"/login"}
{"time":"2025-12-28T23:21:57.48316845Z","level":"INFO","msg":"jwt validated successfully","service":"auth_service","env":"development","status_code":200,"user_id":"1","role":"user","method":"GET","path":"/validate"}
{"time":"2025-12-28T23:22:04.457708096Z","level":"INFO","msg":"jwt validated successfully","service":"auth_service","env":"development","status_code":200,"user_id":"1","role":"user","method":"GET","path":"/validate"}
{"time":"2025-12-28T23:28:02.115140979Z","level":"INFO","msg":"jwt validated successfully","service":"auth_service","env":"development","status_code":200,"user_id":"1","role":"user","method":"GET","path":"/validate"}
{"time":"2025-12-28T23:29:56.349094648Z","level":"INFO","msg":"jwt validated successfully","service":"auth_service","env":"development","status_code":200,"user_id":"1","role":"user","method":"GET","path":"/validate"}
{"time":"2025-12-28T23:31:11.503723971Z","level":"INFO","msg":"jwt validated successfully","service":"auth_service","env":"development","status_code":200,"user_id":"1","role":"user","method":"GET","path":"/validate"}
{"time":"2025-12-28T23:33:26.730924011Z","level":"INFO","msg":"jwt validated successfully","service":"auth_service","env":"development","status_code":200,"user_id":"1","role":"user","method":"GET","path":"/validate"}
{"time":"2025-12-28T23:34:41.83457988Z","level":"INFO","msg":"jwt validated successfully","service":"auth_service","env":"development","status_code":200,"user_id":"1","role":"user","method":"GET","path":"/validate"}
{"time":"2025-12-28T23:35:39.412883993Z","level":"INFO","msg":"jwt validated successfully","service":"auth_service","env":"development","status_code":200,"user_id":"1","role":"user","method":"GET","path":"/validate"}
{"time":"2025-12-28T23:36:59.73042452Z","level":"INFO","msg":"jwt validated successfully","service":"auth_service","env":"development","status_code":200,"user_id":"1","role":"user","method":"GET","path":"/validate"}
{"time":"2025-12-28T23:37:48.4522226Z","level":"INFO","msg":"jwt validated successfully","service":"auth_service","env":"development","status_code":200,"user_id":"1","role":"user","method":"GET","path":"/validate"}
{"time":"2025-12-28T23:38:20.628509615Z","level":"INFO","msg":"jwt validated successfully","service":"auth_service","env":"development","status_code":200,"user_id":"1","role":"user","method":"GET","path":"/validate"}
{"time":"2025-12-28T23:39:40.282509102Z","level":"INFO","msg":"jwt validated successfully","service":"auth_service","env":"development","status_code":200,"user_id":"1","role":"user","method":"GET","path":"/validate"}
{"time":"2025-12-28T23:39:42.553342921Z","level":"INFO","msg":"jwt validated successfully","service":"auth_service","env":"development","status_code":200,"user_id":"1","role":"user","method":"GET","path":"/validate"}
{"time":"2025-12-28T23:40:17.242066655Z","level":"INFO","msg":"jwt validated successfully","service":"auth_service","env":"development","status_code":200,"user_id":"1","role":"user","method":"GET","path":"/validate"}
{"time":"2025-12-28T23:42:38.445834883Z","level":"INFO","msg":"jwt validated successfully","service":"auth_service","env":"development","status_code":200,"user_id":"1","role":"user","method":"GET","path":"/validate"}
{"time":"2025-12-28T23:50:08.435272181Z","level":"INFO","msg":"jwt validated successfully","service":"auth_service","env":"development","status_code":200,"user_id":"1","role":"user","method":"GET","path":"/validate"}
{"time":"2025-12-29T00:01:40.978778019Z","level":"INFO","msg":"jwt validated successfully","service":"auth_service","env":"development","status_code":200,"user_id":"1","role":"user","method":"GET","path":"/validate"}
{"time":"2025-12-29T00:02:44.115090263Z","level":"INFO","msg":"jwt validated successfully","service":"auth_service","env":"development","status_code":200,"user_id":"1","role":"user","method":"GET","path":"/validate"}
{"time":"2025-12-29T00:06:28.037683651Z","level":"INFO","msg":"jwt validated successfully","service":"auth_service","env":"development","status_code":200,"user_id":"1","role":"user","method":"GET","path":"/validate"}
{"time":"2025-12-29T00:07:17.523014293Z","level":"INFO","msg":"jwt validated successfully","service":"auth_service","env":"development","status_code":200,"user_id":"1","role":"user","method":"GET","path":"/validate"}
{"time":"2025-12-29T17:29:29.426192749Z","level":"WARN","msg":"invalid request body","service":"auth_service","env":"development","status_code":400,"error":"Key: 'CreateUserRequest.Name' Error:Field validation for 'Name' failed on the 'required' tag\nKey: 'CreateUserRequest.Role' Error:Field validation for 'Role' failed on the 'required' tag","method":"POST","path":"/login"}
{"time":"2025-12-29T17:29:40.828598667Z","level":"WARN","msg":"invalid request body","service":"auth_service","env":"development","status_code":400,"error":"Key: 'CreateUserRequest.Name' Error:Field validation for 'Name' failed on the 'required' tag\nKey: 'CreateUserRequest.Role' Error:Field validation for 'Role' failed on the 'required' tag","method":"POST","path":"/signup"}
{"time":"2025-12-29T17:30:31.506529318Z","level":"WARN","msg":"invalid request body","service":"auth_service","env":"development","status_code":400,"error":"Key: 'CreateUserRequest.Name' Error:Field validation for 'Name' failed on the 'required' tag\nKey: 'CreateUserRequest.Role' Error:Field validation for 'Role' failed on the 'required' tag","method":"POST","path":"/signup"}
{"time":"2025-12-29T17:33:01.306904955Z","level":"WARN","msg":"invalid request body","service":"auth_service","env":"development","status_code":400,"error":"Key: 'CreateUserRequest.Name' Error:Field validation for 'Name' failed on the 'required' tag","method":"POST","path":"/signup"}
{"time":"2025-12-29T17:33:36.487777246Z","level":"INFO","msg":"incoming request","service":"auth_service","env":"development","method":"POST","path":"/signup"}
{"time":"2025-12-29T17:33:36.487828042Z","level":"INFO","msg":"Signup started","service":"auth_service","env":"development","user":"piyush"}
{"time":"2025-12-29T17:33:36.574469493Z","level":"INFO","msg":"request completed","service":"auth_service","env":"development","status_code":200,"method":"POST","path":"/signup"}
{"time":"2025-12-29T17:44:12.001273777Z","level":"INFO","msg":"incoming request","service":"auth_service","env":"development","method":"POST","path":"/signup"}
{"time":"2025-12-29T17:44:12.001324463Z","level":"INFO","msg":"Signup started","service":"auth_service","env":"development","user":"piyush"}
{"time":"2025-12-29T17:44:12.046548989Z","level":"INFO","msg":"request completed","service":"auth_service","env":"development","status_code":200,"method":"POST","path":"/signup"}
{"time":"2025-12-29T17:45:12.899078755Z","level":"INFO","msg":"incoming request","service":"auth_service","env":"development","method":"POST","path":"/signup"}
{"time":"2025-12-29T17:45:12.899153285Z","level":"INFO","msg":"Signup started","service":"auth_service","env":"development","user":"piyush"}
{"time":"2025-12-29T17:45:12.972531837Z","level":"INFO","msg":"request completed","service":"auth_service","env":"development","status_code":200,"method":"POST","path":"/signup"}
{"time":"2025-12-29T17:53:48.028723082Z","level":"INFO","msg":"incoming request","service":"auth_service","env":"development","method":"POST","path":"/signup"}
{"time":"2025-12-29T17:53:48.028791626Z","level":"INFO","msg":"Signup started","service":"auth_service","env":"development","user":"piyush"}
{"time":"2025-12-29T17:53:48.029861951Z","level":"ERROR","msg":"endpoint failed","service":"auth_service","env":"development","status_code":500,"error":"USER_ALREADY_EXISTS"}
{"time":"2025-12-29T17:54:40.332449327Z","level":"WARN","msg":"invalid request body","service":"auth_service","env":"development","status_code":400,"error":"Key: 'CreateUserRequest.Name' Error:Field validation for 'Name' failed on the 'required' tag\nKey: 'CreateUserRequest.Role' Error:Field validation for 'Role' failed on the 'required' tag","method":"POST","path":"/login"}
{"time":"2025-12-29T17:57:12.683903023Z","level":"WARN","msg":"invalid request body","service":"auth_service","env":"development","status_code":400,"error":"Key: 'CreateUserRequest.Name' Error:Field validation for 'Name' failed on the 'required' tag\nKey: 'CreateUserRequest.Role' Error:Field validation for 'Role' failed on the 'required' tag","method":"POST","path":"/login"}
{"time":"2025-12-29T17:57:42.914379891Z","level":"WARN","msg":"invalid request body","service":"auth_service","env":"development","status_code":400,"error":"Key: 'CreateUserRequest.Name' Error:Field validation for 'Name' failed on the 'required' tag\nKey: 'CreateUserRequest.Role' Error:Field validation for 'Role' failed on the 'required' tag","method":"POST","path":"/login"}
{"time":"2025-12-29T17:58:31.634200291Z","level":"WARN","msg":"invalid request body","service":"auth_service","env":"development","status_code":400,"error":"Key: 'CreateUserRequest.Name' Error:Field validation for 'Name' failed on the 'required' tag\nKey: 'CreateUserRequest.Role' Error:Field validation for 'Role' failed on the 'required' tag","method":"POST","path":"/login"}
{"time":"2025-12-29T17:59:27.982378268Z","level":"INFO","msg":"incoming request","service":"auth_service","env":"development","method":"POST","path":"/login"}
{"time":"2025-12-29T17:59:27.982438598Z","level":"INFO","msg":"login request","service":"auth_service","env":"development","request_id":"dfebeef031985f13a2bc23715724c350","user":"piyush72.sharma@gmail.com"}
{"time":"2025-12-29T17:59:28.063658968Z","level":"INFO","msg":"request completed","service":"auth_service","env":"development","status_code":200,"method":"POST","path":"/login"}
{"time":"2025-12-29T18:00:30.324077941Z","level":"INFO","msg":"incoming request","service":"auth_service","env":"development","method":"POST","path":"/login"}
{"time":"2025-12-29T18:00:30.324106273Z","level":"INFO","msg":"login request","service":"auth_service","env":"development","request_id":"e4238d77a109c268cceb51c6a586c487","user":"piyush72.sharma@gmail.com"}
{"time":"2025-12-29T18:00:30.365418217Z","level":"INFO","msg":"request completed","service":"auth_service","env":"development","status_code":200,"method":"POST","path":"/login"}
